{"/Users/oy/Developer/@onury/jsonc/src/helper.ts": {"path":"/Users/oy/Developer/@onury/jsonc/src/helper.ts","statementMap":{"0":{"start":{"line":2,"column":0},"end":{"line":2,"column":51}},"1":{"start":{"line":3,"column":0},"end":{"line":3,"column":33}},"2":{"start":{"line":4,"column":0},"end":{"line":4,"column":32}},"3":{"start":{"line":10,"column":15},"end":{"line":10,"column":31}},"4":{"start":{"line":15,"column":4},"end":{"line":25,"column":6}},"5":{"start":{"line":15,"column":12},"end":{"line":15,"column":18}},"6":{"start":{"line":15,"column":12},"end":{"line":15,"column":19}},"7":{"start":{"line":16,"column":8},"end":{"line":24,"column":11}},"8":{"start":{"line":17,"column":12},"end":{"line":23,"column":15}},"9":{"start":{"line":18,"column":16},"end":{"line":22,"column":17}},"10":{"start":{"line":19,"column":20},"end":{"line":19,"column":32}},"11":{"start":{"line":21,"column":20},"end":{"line":21,"column":36}},"12":{"start":{"line":28,"column":48},"end":{"line":32,"column":1}},"13":{"start":{"line":34,"column":15},"end":{"line":116,"column":1}},"14":{"start":{"line":37,"column":8},"end":{"line":37,"column":61}},"15":{"start":{"line":41,"column":18},"end":{"line":41,"column":30}},"16":{"start":{"line":42,"column":8},"end":{"line":44,"column":52}},"17":{"start":{"line":48,"column":8},"end":{"line":48,"column":52}},"18":{"start":{"line":48,"column":39},"end":{"line":48,"column":52}},"19":{"start":{"line":49,"column":18},"end":{"line":49,"column":38}},"20":{"start":{"line":50,"column":8},"end":{"line":50,"column":49}},"21":{"start":{"line":54,"column":8},"end":{"line":68,"column":10}},"22":{"start":{"line":54,"column":16},"end":{"line":54,"column":29}},"23":{"start":{"line":54,"column":16},"end":{"line":54,"column":30}},"24":{"start":{"line":55,"column":25},"end":{"line":55,"column":38}},"25":{"start":{"line":56,"column":32},"end":{"line":66,"column":24}},"26":{"start":{"line":57,"column":16},"end":{"line":64,"column":17}},"27":{"start":{"line":58,"column":20},"end":{"line":58,"column":46}},"28":{"start":{"line":59,"column":20},"end":{"line":63,"column":39}},"29":{"start":{"line":65,"column":16},"end":{"line":65,"column":50}},"30":{"start":{"line":67,"column":12},"end":{"line":67,"column":37}},"31":{"start":{"line":72,"column":8},"end":{"line":77,"column":9}},"32":{"start":{"line":73,"column":12},"end":{"line":76,"column":14}},"33":{"start":{"line":79,"column":8},"end":{"line":85,"column":9}},"34":{"start":{"line":80,"column":12},"end":{"line":84,"column":14}},"35":{"start":{"line":87,"column":8},"end":{"line":90,"column":10}},"36":{"start":{"line":103,"column":8},"end":{"line":109,"column":10}},"37":{"start":{"line":103,"column":16},"end":{"line":103,"column":22}},"38":{"start":{"line":103,"column":16},"end":{"line":103,"column":23}},"39":{"start":{"line":104,"column":12},"end":{"line":108,"column":13}},"40":{"start":{"line":105,"column":16},"end":{"line":105,"column":43}},"41":{"start":{"line":107,"column":16},"end":{"line":107,"column":29}},"42":{"start":{"line":113,"column":8},"end":{"line":113,"column":70}},"43":{"start":{"line":113,"column":36},"end":{"line":113,"column":48}},"44":{"start":{"line":113,"column":63},"end":{"line":113,"column":68}},"45":{"start":{"line":118,"column":9},"end":{"line":118,"column":15}}},"fnMap":{"0":{"name":"promisify","decl":{"start":{"line":14,"column":9},"end":{"line":14,"column":18}},"loc":{"start":{"line":14,"column":31},"end":{"line":26,"column":1}}},"1":{"name":"(anonymous_3)","decl":{"start":{"line":15,"column":11},"end":{"line":null,"column":-1}},"loc":{"start":{"line":15,"column":11},"end":{"line":25,"column":5}}},"2":{"name":"(anonymous_4)","decl":{"start":{"line":16,"column":27},"end":{"line":16,"column":27}},"loc":{"start":{"line":16,"column":43},"end":{"line":24,"column":9}}},"3":{"name":"(anonymous_5)","decl":{"start":{"line":17,"column":24},"end":{"line":17,"column":24}},"loc":{"start":{"line":17,"column":36},"end":{"line":23,"column":13}}},"4":{"name":"(anonymous_6)","decl":{"start":{"line":36,"column":4},"end":{"line":36,"column":12}},"loc":{"start":{"line":36,"column":19},"end":{"line":38,"column":5}}},"5":{"name":"(anonymous_7)","decl":{"start":{"line":40,"column":4},"end":{"line":40,"column":15}},"loc":{"start":{"line":40,"column":26},"end":{"line":45,"column":5}}},"6":{"name":"(anonymous_8)","decl":{"start":{"line":47,"column":4},"end":{"line":47,"column":10}},"loc":{"start":{"line":47,"column":38},"end":{"line":51,"column":5}}},"7":{"name":"(anonymous_9)","decl":{"start":{"line":53,"column":4},"end":{"line":53,"column":13}},"loc":{"start":{"line":53,"column":46},"end":{"line":69,"column":5}}},"8":{"name":"(anonymous_10)","decl":{"start":{"line":54,"column":15},"end":{"line":null,"column":-1}},"loc":{"start":{"line":54,"column":15},"end":{"line":68,"column":9}}},"9":{"name":"(anonymous_11)","decl":{"start":{"line":56,"column":41},"end":{"line":56,"column":40}},"loc":{"start":{"line":56,"column":44},"end":{"line":66,"column":13}}},"10":{"name":"(anonymous_12)","decl":{"start":{"line":71,"column":4},"end":{"line":71,"column":23}},"loc":{"start":{"line":71,"column":85},"end":{"line":91,"column":5}}},"11":{"name":"(anonymous_13)","decl":{"start":{"line":102,"column":4},"end":{"line":102,"column":12}},"loc":{"start":{"line":102,"column":20},"end":{"line":110,"column":5}}},"12":{"name":"(anonymous_14)","decl":{"start":{"line":103,"column":15},"end":{"line":null,"column":-1}},"loc":{"start":{"line":103,"column":15},"end":{"line":109,"column":9}}},"13":{"name":"(anonymous_15)","decl":{"start":{"line":112,"column":4},"end":{"line":112,"column":13}},"loc":{"start":{"line":112,"column":35},"end":{"line":114,"column":5}}},"14":{"name":"(anonymous_16)","decl":{"start":{"line":113,"column":28},"end":{"line":113,"column":27}},"loc":{"start":{"line":113,"column":32},"end":{"line":113,"column":48}}},"15":{"name":"(anonymous_17)","decl":{"start":{"line":113,"column":56},"end":{"line":113,"column":55}},"loc":{"start":{"line":113,"column":59},"end":{"line":113,"column":68}}}},"branchMap":{"0":{"loc":{"start":{"line":18,"column":16},"end":{"line":22,"column":17}},"type":"if","locations":[{"start":{"line":18,"column":16},"end":{"line":22,"column":17}},{"start":{"line":18,"column":16},"end":{"line":22,"column":17}}]},"1":{"loc":{"start":{"line":42,"column":15},"end":{"line":42,"column":29}},"type":"binary-expr","locations":[{"start":{"line":42,"column":15},"end":{"line":42,"column":29}},{"start":{"line":43,"column":15},"end":{"line":43,"column":34}},{"start":{"line":44,"column":16},"end":{"line":44,"column":32}},{"start":{"line":44,"column":36},"end":{"line":44,"column":50}}]},"2":{"loc":{"start":{"line":48,"column":8},"end":{"line":48,"column":52}},"type":"if","locations":[{"start":{"line":48,"column":8},"end":{"line":48,"column":52}},{"start":{"line":48,"column":8},"end":{"line":48,"column":52}}]},"3":{"loc":{"start":{"line":49,"column":27},"end":{"line":49,"column":31}},"type":"cond-expr","locations":[{"start":{"line":49,"column":27},"end":{"line":49,"column":31}},{"start":{"line":49,"column":34},"end":{"line":49,"column":38}}]},"4":{"loc":{"start":{"line":57,"column":16},"end":{"line":64,"column":17}},"type":"if","locations":[{"start":{"line":57,"column":16},"end":{"line":64,"column":17}},{"start":{"line":57,"column":16},"end":{"line":64,"column":17}}]},"5":{"loc":{"start":{"line":59,"column":27},"end":{"line":59,"column":36}},"type":"binary-expr","locations":[{"start":{"line":59,"column":27},"end":{"line":59,"column":36}}]},"6":{"loc":{"start":{"line":72,"column":8},"end":{"line":77,"column":9}},"type":"if","locations":[{"start":{"line":72,"column":8},"end":{"line":77,"column":9}},{"start":{"line":72,"column":8},"end":{"line":77,"column":9}}]},"7":{"loc":{"start":{"line":79,"column":8},"end":{"line":85,"column":9}},"type":"if","locations":[{"start":{"line":79,"column":8},"end":{"line":85,"column":9}},{"start":{"line":79,"column":8},"end":{"line":85,"column":9}}]},"8":{"loc":{"start":{"line":79,"column":12},"end":{"line":79,"column":41}},"type":"binary-expr","locations":[{"start":{"line":79,"column":12},"end":{"line":79,"column":41}},{"start":{"line":79,"column":45},"end":{"line":79,"column":67}}]}},"s":{"0":1,"1":1,"2":1,"3":1,"4":3,"5":21,"6":50,"7":21,"8":21,"9":21,"10":3,"11":18,"12":1,"13":1,"14":38,"15":12,"16":12,"17":12,"18":4,"19":8,"20":8,"21":34,"22":16,"23":16,"24":16,"25":16,"26":16,"27":4,"28":4,"29":12,"30":16,"31":26,"32":16,"33":10,"34":1,"35":9,"36":34,"37":34,"38":70,"39":34,"40":34,"41":5,"42":8,"43":6,"44":2,"45":1},"f":{"0":3,"1":21,"2":21,"3":21,"4":38,"5":12,"6":12,"7":34,"8":16,"9":16,"10":26,"11":34,"12":34,"13":8,"14":6,"15":2},"b":{"0":[3,18],"1":[12,12,12,12],"2":[4,8],"3":[4,4],"4":[4,12],"5":[4],"6":[16,10],"7":[1,9],"8":[10,9]}}
,"/Users/oy/Developer/@onury/jsonc/src/jsonc.ts": {"path":"/Users/oy/Developer/@onury/jsonc/src/jsonc.ts","statementMap":{"0":{"start":{"line":4,"column":0},"end":{"line":4,"column":28}},"1":{"start":{"line":7,"column":0},"end":{"line":7,"column":51}},"2":{"start":{"line":8,"column":0},"end":{"line":8,"column":40}},"3":{"start":{"line":9,"column":0},"end":{"line":9,"column":38}},"4":{"start":{"line":10,"column":0},"end":{"line":10,"column":56}},"5":{"start":{"line":13,"column":0},"end":{"line":13,"column":33}},"6":{"start":{"line":19,"column":8},"end":{"line":19,"column":10}},"7":{"start":{"line":19,"column":12},"end":{"line":19,"column":18}},"8":{"start":{"line":19,"column":20},"end":{"line":19,"column":27}},"9":{"start":{"line":19,"column":29},"end":{"line":19,"column":37}},"10":{"start":{"line":19,"column":39},"end":{"line":19,"column":48}},"11":{"start":{"line":40,"column":0},"end":{"line":477,"column":0}},"12":{"start":{"line":60,"column":11},"end":{"line":68,"column":5}},"13":{"start":{"line":61,"column":18},"end":{"line":65,"column":9}},"14":{"start":{"line":66,"column":8},"end":{"line":66,"column":47}},"15":{"start":{"line":67,"column":8},"end":{"line":67,"column":52}},"16":{"start":{"line":80,"column":11},"end":{"line":82,"column":5}},"17":{"start":{"line":80,"column":15},"end":{"line":80,"column":28}},"18":{"start":{"line":80,"column":15},"end":{"line":80,"column":29}},"19":{"start":{"line":81,"column":8},"end":{"line":81,"column":24}},"20":{"start":{"line":95,"column":11},"end":{"line":97,"column":5}},"21":{"start":{"line":95,"column":16},"end":{"line":95,"column":29}},"22":{"start":{"line":95,"column":16},"end":{"line":95,"column":30}},"23":{"start":{"line":96,"column":8},"end":{"line":96,"column":30}},"24":{"start":{"line":125,"column":11},"end":{"line":131,"column":5}},"25":{"start":{"line":126,"column":36},"end":{"line":128,"column":29}},"26":{"start":{"line":129,"column":8},"end":{"line":129,"column":94}},"27":{"start":{"line":129,"column":42},"end":{"line":129,"column":94}},"28":{"start":{"line":130,"column":8},"end":{"line":130,"column":44}},"29":{"start":{"line":174,"column":11},"end":{"line":179,"column":5}},"30":{"start":{"line":175,"column":21},"end":{"line":175,"column":73}},"31":{"start":{"line":176,"column":8},"end":{"line":178,"column":63}},"32":{"start":{"line":205,"column":11},"end":{"line":209,"column":5}},"33":{"start":{"line":205,"column":31},"end":{"line":205,"column":61}},"34":{"start":{"line":206,"column":8},"end":{"line":206,"column":50}},"35":{"start":{"line":206,"column":37},"end":{"line":206,"column":50}},"36":{"start":{"line":207,"column":14},"end":{"line":207,"column":85}},"37":{"start":{"line":207,"column":15},"end":{"line":207,"column":18}},"38":{"start":{"line":207,"column":20},"end":{"line":207,"column":85}},"39":{"start":{"line":208,"column":8},"end":{"line":208,"column":74}},"40":{"start":{"line":224,"column":11},"end":{"line":226,"column":5}},"41":{"start":{"line":224,"column":38},"end":{"line":224,"column":65}},"42":{"start":{"line":225,"column":8},"end":{"line":225,"column":54}},"43":{"start":{"line":244,"column":11},"end":{"line":246,"column":5}},"44":{"start":{"line":245,"column":8},"end":{"line":245,"column":74}},"45":{"start":{"line":269,"column":11},"end":{"line":272,"column":5}},"46":{"start":{"line":269,"column":33},"end":{"line":269,"column":59}},"47":{"start":{"line":270,"column":8},"end":{"line":270,"column":30}},"48":{"start":{"line":270,"column":20},"end":{"line":270,"column":30}},"49":{"start":{"line":271,"column":8},"end":{"line":271,"column":60}},"50":{"start":{"line":290,"column":11},"end":{"line":292,"column":5}},"51":{"start":{"line":291,"column":8},"end":{"line":291,"column":65}},"52":{"start":{"line":331,"column":17},"end":{"line":340,"column":5}},"53":{"start":{"line":332,"column":14},"end":{"line":336,"column":10}},"54":{"start":{"line":337,"column":27},"end":{"line":337,"column":67}},"55":{"start":{"line":337,"column":12},"end":{"line":337,"column":67}},"56":{"start":{"line":338,"column":8},"end":{"line":338,"column":73}},"57":{"start":{"line":338,"column":42},"end":{"line":338,"column":73}},"58":{"start":{"line":339,"column":8},"end":{"line":339,"column":65}},"59":{"start":{"line":364,"column":11},"end":{"line":373,"column":5}},"60":{"start":{"line":365,"column":18},"end":{"line":369,"column":9}},"61":{"start":{"line":370,"column":27},"end":{"line":370,"column":60}},"62":{"start":{"line":371,"column":8},"end":{"line":371,"column":73}},"63":{"start":{"line":371,"column":42},"end":{"line":371,"column":73}},"64":{"start":{"line":372,"column":8},"end":{"line":372,"column":65}},"65":{"start":{"line":415,"column":17},"end":{"line":431,"column":5}},"66":{"start":{"line":416,"column":14},"end":{"line":422,"column":10}},"67":{"start":{"line":424,"column":12},"end":{"line":424,"column":25}},"68":{"start":{"line":424,"column":27},"end":{"line":424,"column":79}},"69":{"start":{"line":424,"column":27},"end":{"line":424,"column":80}},"70":{"start":{"line":425,"column":14},"end":{"line":425,"column":72}},"71":{"start":{"line":426,"column":8},"end":{"line":429,"column":10}},"72":{"start":{"line":426,"column":8},"end":{"line":429,"column":11}},"73":{"start":{"line":430,"column":8},"end":{"line":430,"column":20}},"74":{"start":{"line":459,"column":11},"end":{"line":475,"column":5}},"75":{"start":{"line":460,"column":18},"end":{"line":466,"column":9}},"76":{"start":{"line":468,"column":8},"end":{"line":468,"column":71}},"77":{"start":{"line":468,"column":27},"end":{"line":468,"column":71}},"78":{"start":{"line":469,"column":24},"end":{"line":469,"column":71}},"79":{"start":{"line":470,"column":8},"end":{"line":473,"column":11}},"80":{"start":{"line":474,"column":8},"end":{"line":474,"column":20}},"81":{"start":{"line":477,"column":0},"end":{"line":477,"column":1}},"82":{"start":{"line":987,"column":9},"end":{"line":987,"column":14}},"83":{"start":{"line":502,"column":0},"end":{"line":975,"column":0}},"84":{"start":{"line":528,"column":11},"end":{"line":530,"column":5}},"85":{"start":{"line":529,"column":8},"end":{"line":529,"column":26}},"86":{"start":{"line":546,"column":11},"end":{"line":548,"column":5}},"87":{"start":{"line":546,"column":15},"end":{"line":546,"column":28}},"88":{"start":{"line":546,"column":15},"end":{"line":546,"column":29}},"89":{"start":{"line":547,"column":8},"end":{"line":547,"column":24}},"90":{"start":{"line":565,"column":11},"end":{"line":567,"column":5}},"91":{"start":{"line":565,"column":16},"end":{"line":565,"column":29}},"92":{"start":{"line":565,"column":16},"end":{"line":565,"column":30}},"93":{"start":{"line":566,"column":8},"end":{"line":566,"column":30}},"94":{"start":{"line":601,"column":11},"end":{"line":603,"column":5}},"95":{"start":{"line":602,"column":8},"end":{"line":602,"column":51}},"96":{"start":{"line":656,"column":11},"end":{"line":663,"column":5}},"97":{"start":{"line":657,"column":21},"end":{"line":657,"column":73}},"98":{"start":{"line":658,"column":8},"end":{"line":662,"column":9}},"99":{"start":{"line":659,"column":12},"end":{"line":659,"column":79}},"100":{"start":{"line":661,"column":12},"end":{"line":661,"column":25}},"101":{"start":{"line":695,"column":11},"end":{"line":697,"column":5}},"102":{"start":{"line":695,"column":31},"end":{"line":695,"column":61}},"103":{"start":{"line":696,"column":8},"end":{"line":696,"column":48}},"104":{"start":{"line":717,"column":11},"end":{"line":719,"column":5}},"105":{"start":{"line":717,"column":38},"end":{"line":717,"column":65}},"106":{"start":{"line":718,"column":8},"end":{"line":718,"column":64}},"107":{"start":{"line":743,"column":11},"end":{"line":745,"column":5}},"108":{"start":{"line":744,"column":8},"end":{"line":744,"column":43}},"109":{"start":{"line":773,"column":11},"end":{"line":775,"column":5}},"110":{"start":{"line":773,"column":33},"end":{"line":773,"column":59}},"111":{"start":{"line":774,"column":8},"end":{"line":774,"column":52}},"112":{"start":{"line":802,"column":11},"end":{"line":804,"column":5}},"113":{"start":{"line":803,"column":8},"end":{"line":803,"column":58}},"114":{"start":{"line":850,"column":11},"end":{"line":852,"column":5}},"115":{"start":{"line":851,"column":8},"end":{"line":851,"column":56}},"116":{"start":{"line":880,"column":11},"end":{"line":882,"column":5}},"117":{"start":{"line":881,"column":8},"end":{"line":881,"column":59}},"118":{"start":{"line":935,"column":11},"end":{"line":937,"column":5}},"119":{"start":{"line":936,"column":8},"end":{"line":936,"column":63}},"120":{"start":{"line":972,"column":11},"end":{"line":974,"column":5}},"121":{"start":{"line":973,"column":8},"end":{"line":973,"column":66}},"122":{"start":{"line":975,"column":0},"end":{"line":975,"column":1}},"123":{"start":{"line":978,"column":0},"end":{"line":978,"column":19}}},"fnMap":{"0":{"name":"(anonymous_14)","decl":{"start":{"line":40,"column":0},"end":{"line":null,"column":-1}},"loc":{"start":{"line":40,"column":0},"end":{"line":40,"column":-1}}},"1":{"name":"(anonymous_16)","decl":{"start":{"line":60,"column":4},"end":{"line":60,"column":17}},"loc":{"start":{"line":60,"column":30},"end":{"line":68,"column":5}}},"2":{"name":"(anonymous_17)","decl":{"start":{"line":80,"column":4},"end":{"line":null,"column":-1}},"loc":{"start":{"line":80,"column":4},"end":{"line":82,"column":5}}},"3":{"name":"(anonymous_18)","decl":{"start":{"line":95,"column":4},"end":{"line":null,"column":-1}},"loc":{"start":{"line":95,"column":4},"end":{"line":97,"column":5}}},"4":{"name":"(anonymous_19)","decl":{"start":{"line":125,"column":4},"end":{"line":125,"column":16}},"loc":{"start":{"line":125,"column":64},"end":{"line":131,"column":5}}},"5":{"name":"(anonymous_20)","decl":{"start":{"line":174,"column":4},"end":{"line":174,"column":20}},"loc":{"start":{"line":174,"column":106},"end":{"line":179,"column":5}}},"6":{"name":"(anonymous_21)","decl":{"start":{"line":205,"column":4},"end":{"line":205,"column":17}},"loc":{"start":{"line":205,"column":61},"end":{"line":209,"column":5}}},"7":{"name":"(anonymous_22)","decl":{"start":{"line":224,"column":4},"end":{"line":224,"column":24}},"loc":{"start":{"line":224,"column":65},"end":{"line":226,"column":5}}},"8":{"name":"(anonymous_23)","decl":{"start":{"line":244,"column":4},"end":{"line":244,"column":17}},"loc":{"start":{"line":244,"column":29},"end":{"line":246,"column":5}}},"9":{"name":"(anonymous_24)","decl":{"start":{"line":269,"column":4},"end":{"line":269,"column":19}},"loc":{"start":{"line":269,"column":59},"end":{"line":272,"column":5}}},"10":{"name":"(anonymous_25)","decl":{"start":{"line":290,"column":4},"end":{"line":290,"column":20}},"loc":{"start":{"line":290,"column":52},"end":{"line":292,"column":5}}},"11":{"name":"(anonymous_26)","decl":{"start":{"line":331,"column":4},"end":{"line":331,"column":21}},"loc":{"start":{"line":331,"column":62},"end":{"line":340,"column":5}}},"12":{"name":"(anonymous_29)","decl":{"start":{"line":364,"column":4},"end":{"line":364,"column":19}},"loc":{"start":{"line":364,"column":60},"end":{"line":373,"column":5}}},"13":{"name":"(anonymous_30)","decl":{"start":{"line":415,"column":4},"end":{"line":415,"column":22}},"loc":{"start":{"line":415,"column":75},"end":{"line":431,"column":5}}},"14":{"name":"(anonymous_33)","decl":{"start":{"line":459,"column":4},"end":{"line":459,"column":20}},"loc":{"start":{"line":459,"column":73},"end":{"line":475,"column":5}}},"15":{"name":"(anonymous_34)","decl":{"start":{"line":502,"column":0},"end":{"line":null,"column":-1}},"loc":{"start":{"line":502,"column":0},"end":{"line":502,"column":-1}}},"16":{"name":"(anonymous_36)","decl":{"start":{"line":528,"column":4},"end":{"line":528,"column":17}},"loc":{"start":{"line":528,"column":30},"end":{"line":530,"column":5}}},"17":{"name":"(anonymous_37)","decl":{"start":{"line":546,"column":4},"end":{"line":null,"column":-1}},"loc":{"start":{"line":546,"column":4},"end":{"line":548,"column":5}}},"18":{"name":"(anonymous_38)","decl":{"start":{"line":565,"column":4},"end":{"line":null,"column":-1}},"loc":{"start":{"line":565,"column":4},"end":{"line":567,"column":5}}},"19":{"name":"(anonymous_39)","decl":{"start":{"line":601,"column":4},"end":{"line":601,"column":16}},"loc":{"start":{"line":601,"column":63},"end":{"line":603,"column":5}}},"20":{"name":"(anonymous_40)","decl":{"start":{"line":656,"column":4},"end":{"line":656,"column":20}},"loc":{"start":{"line":656,"column":106},"end":{"line":663,"column":5}}},"21":{"name":"(anonymous_41)","decl":{"start":{"line":695,"column":4},"end":{"line":695,"column":17}},"loc":{"start":{"line":695,"column":61},"end":{"line":697,"column":5}}},"22":{"name":"(anonymous_42)","decl":{"start":{"line":717,"column":4},"end":{"line":717,"column":24}},"loc":{"start":{"line":717,"column":65},"end":{"line":719,"column":5}}},"23":{"name":"(anonymous_43)","decl":{"start":{"line":743,"column":4},"end":{"line":743,"column":17}},"loc":{"start":{"line":743,"column":29},"end":{"line":745,"column":5}}},"24":{"name":"(anonymous_44)","decl":{"start":{"line":773,"column":4},"end":{"line":773,"column":19}},"loc":{"start":{"line":773,"column":59},"end":{"line":775,"column":5}}},"25":{"name":"(anonymous_45)","decl":{"start":{"line":802,"column":4},"end":{"line":802,"column":20}},"loc":{"start":{"line":802,"column":52},"end":{"line":804,"column":5}}},"26":{"name":"(anonymous_46)","decl":{"start":{"line":850,"column":4},"end":{"line":850,"column":15}},"loc":{"start":{"line":850,"column":56},"end":{"line":852,"column":5}}},"27":{"name":"(anonymous_47)","decl":{"start":{"line":880,"column":4},"end":{"line":880,"column":19}},"loc":{"start":{"line":880,"column":60},"end":{"line":882,"column":5}}},"28":{"name":"(anonymous_48)","decl":{"start":{"line":935,"column":4},"end":{"line":935,"column":16}},"loc":{"start":{"line":935,"column":69},"end":{"line":937,"column":5}}},"29":{"name":"(anonymous_49)","decl":{"start":{"line":972,"column":4},"end":{"line":972,"column":20}},"loc":{"start":{"line":972,"column":73},"end":{"line":974,"column":5}}}},"branchMap":{"0":{"loc":{"start":{"line":64,"column":16},"end":{"line":64,"column":19}},"type":"binary-expr","locations":[{"start":{"line":64,"column":16},"end":{"line":64,"column":19}},{"start":{"line":64,"column":23},"end":{"line":64,"column":25}}]},"1":{"loc":{"start":{"line":127,"column":14},"end":{"line":127,"column":34}},"type":"cond-expr","locations":[{"start":{"line":127,"column":14},"end":{"line":127,"column":34}},{"start":{"line":128,"column":15},"end":{"line":128,"column":28}}]},"2":{"loc":{"start":{"line":128,"column":15},"end":{"line":128,"column":22}},"type":"binary-expr","locations":[{"start":{"line":128,"column":15},"end":{"line":128,"column":22}},{"start":{"line":128,"column":26},"end":{"line":128,"column":28}}]},"3":{"loc":{"start":{"line":129,"column":8},"end":{"line":129,"column":94}},"type":"if","locations":[{"start":{"line":129,"column":8},"end":{"line":129,"column":94}},{"start":{"line":129,"column":8},"end":{"line":129,"column":94}}]},"4":{"loc":{"start":{"line":177,"column":14},"end":{"line":177,"column":65}},"type":"cond-expr","locations":[{"start":{"line":177,"column":14},"end":{"line":177,"column":65}},{"start":{"line":178,"column":14},"end":{"line":178,"column":62}}]},"5":{"loc":{"start":{"line":205,"column":31},"end":{"line":205,"column":61}},"type":"if","locations":[{"start":{"line":205,"column":31},"end":{"line":205,"column":61}},{"start":{"line":205,"column":31},"end":{"line":205,"column":61}}]},"6":{"loc":{"start":{"line":206,"column":8},"end":{"line":206,"column":50}},"type":"if","locations":[{"start":{"line":206,"column":8},"end":{"line":206,"column":50}},{"start":{"line":206,"column":8},"end":{"line":206,"column":50}}]},"7":{"loc":{"start":{"line":208,"column":15},"end":{"line":208,"column":19}},"type":"binary-expr","locations":[{"start":{"line":208,"column":15},"end":{"line":208,"column":19}},{"start":{"line":208,"column":24},"end":{"line":208,"column":47}},{"start":{"line":208,"column":51},"end":{"line":208,"column":72}}]},"8":{"loc":{"start":{"line":224,"column":38},"end":{"line":224,"column":65}},"type":"if","locations":[{"start":{"line":224,"column":38},"end":{"line":224,"column":65}},{"start":{"line":224,"column":38},"end":{"line":224,"column":65}}]},"9":{"loc":{"start":{"line":269,"column":33},"end":{"line":269,"column":59}},"type":"if","locations":[{"start":{"line":269,"column":33},"end":{"line":269,"column":59}},{"start":{"line":269,"column":33},"end":{"line":269,"column":59}}]},"10":{"loc":{"start":{"line":270,"column":8},"end":{"line":270,"column":30}},"type":"if","locations":[{"start":{"line":270,"column":8},"end":{"line":270,"column":30}},{"start":{"line":270,"column":8},"end":{"line":270,"column":30}}]},"11":{"loc":{"start":{"line":335,"column":16},"end":{"line":335,"column":23}},"type":"binary-expr","locations":[{"start":{"line":335,"column":16},"end":{"line":335,"column":23}},{"start":{"line":335,"column":27},"end":{"line":335,"column":29}}]},"12":{"loc":{"start":{"line":338,"column":8},"end":{"line":338,"column":73}},"type":"if","locations":[{"start":{"line":338,"column":8},"end":{"line":338,"column":73}},{"start":{"line":338,"column":8},"end":{"line":338,"column":73}}]},"13":{"loc":{"start":{"line":368,"column":16},"end":{"line":368,"column":23}},"type":"binary-expr","locations":[{"start":{"line":368,"column":16},"end":{"line":368,"column":23}},{"start":{"line":368,"column":27},"end":{"line":368,"column":29}}]},"14":{"loc":{"start":{"line":371,"column":8},"end":{"line":371,"column":73}},"type":"if","locations":[{"start":{"line":371,"column":8},"end":{"line":371,"column":73}},{"start":{"line":371,"column":8},"end":{"line":371,"column":73}}]},"15":{"loc":{"start":{"line":421,"column":16},"end":{"line":421,"column":23}},"type":"binary-expr","locations":[{"start":{"line":421,"column":16},"end":{"line":421,"column":23}},{"start":{"line":421,"column":27},"end":{"line":421,"column":29}}]},"16":{"loc":{"start":{"line":465,"column":16},"end":{"line":465,"column":23}},"type":"binary-expr","locations":[{"start":{"line":465,"column":16},"end":{"line":465,"column":23}},{"start":{"line":465,"column":27},"end":{"line":465,"column":29}}]},"17":{"loc":{"start":{"line":468,"column":8},"end":{"line":468,"column":71}},"type":"if","locations":[{"start":{"line":468,"column":8},"end":{"line":468,"column":71}},{"start":{"line":468,"column":8},"end":{"line":468,"column":71}}]},"18":{"loc":{"start":{"line":695,"column":31},"end":{"line":695,"column":61}},"type":"if","locations":[{"start":{"line":695,"column":31},"end":{"line":695,"column":61}},{"start":{"line":695,"column":31},"end":{"line":695,"column":61}}]},"19":{"loc":{"start":{"line":717,"column":38},"end":{"line":717,"column":65}},"type":"if","locations":[{"start":{"line":717,"column":38},"end":{"line":717,"column":65}},{"start":{"line":717,"column":38},"end":{"line":717,"column":65}}]},"20":{"loc":{"start":{"line":773,"column":33},"end":{"line":773,"column":59}},"type":"if","locations":[{"start":{"line":773,"column":33},"end":{"line":773,"column":59}},{"start":{"line":773,"column":33},"end":{"line":773,"column":59}}]}},"s":{"0":1,"1":1,"2":1,"3":1,"4":1,"5":1,"6":1,"7":1,"8":1,"9":1,"10":1,"11":1,"12":1,"13":17,"14":17,"15":17,"16":1,"17":4,"18":4,"19":4,"20":1,"21":4,"22":4,"23":4,"24":1,"25":37,"26":37,"27":24,"28":37,"29":1,"30":22,"31":22,"32":1,"33":26,"34":18,"35":4,"36":14,"37":14,"38":14,"39":14,"40":1,"41":3,"42":2,"43":1,"44":4,"45":1,"46":10,"47":8,"48":2,"49":8,"50":1,"51":4,"52":1,"53":7,"54":7,"55":7,"56":6,"57":4,"58":6,"59":1,"60":7,"61":7,"62":6,"63":4,"64":6,"65":1,"66":8,"67":2,"68":6,"69":6,"70":8,"71":8,"72":8,"73":6,"74":1,"75":8,"76":8,"77":6,"78":8,"79":8,"80":6,"81":1,"82":2,"83":1,"84":1,"85":8,"86":1,"87":4,"88":4,"89":4,"90":1,"91":4,"92":4,"93":4,"94":1,"95":16,"96":1,"97":4,"98":4,"99":4,"100":1,"101":1,"102":17,"103":9,"104":1,"105":3,"106":2,"107":1,"108":2,"109":1,"110":6,"111":4,"112":1,"113":2,"114":1,"115":4,"116":1,"117":4,"118":1,"119":4,"120":1,"121":4,"122":1,"123":1},"f":{"0":1,"1":17,"2":4,"3":4,"4":37,"5":22,"6":18,"7":2,"8":4,"9":8,"10":4,"11":7,"12":7,"13":8,"14":8,"15":1,"16":8,"17":4,"18":4,"19":16,"20":4,"21":9,"22":2,"23":2,"24":4,"25":2,"26":4,"27":4,"28":4,"29":4},"b":{"0":[17,1],"1":[1,36],"2":[36,16],"3":[24,13],"4":[21,1],"5":[8,10],"6":[4,14],"7":[14,12,8],"8":[1,1],"9":[2,6],"10":[2,6],"11":[7,5],"12":[4,2],"13":[7,5],"14":[4,2],"15":[8,4],"16":[8,4],"17":[6,2],"18":[8,1],"19":[1,1],"20":[2,2]}}
}
