TN:
SF:/Users/oy/Developer/@onury/jsonc/src/helper.ts
FN:14,promisify
FN:15,(anonymous_3)
FN:16,(anonymous_4)
FN:17,(anonymous_5)
FN:36,(anonymous_6)
FN:40,(anonymous_7)
FN:47,(anonymous_8)
FN:53,(anonymous_9)
FN:54,(anonymous_10)
FN:56,(anonymous_11)
FN:71,(anonymous_12)
FN:102,(anonymous_13)
FN:103,(anonymous_14)
FN:112,(anonymous_15)
FN:113,(anonymous_16)
FN:113,(anonymous_17)
FNF:16
FNH:16
FNDA:3,promisify
FNDA:21,(anonymous_3)
FNDA:21,(anonymous_4)
FNDA:21,(anonymous_5)
FNDA:38,(anonymous_6)
FNDA:12,(anonymous_7)
FNDA:12,(anonymous_8)
FNDA:34,(anonymous_9)
FNDA:16,(anonymous_10)
FNDA:16,(anonymous_11)
FNDA:26,(anonymous_12)
FNDA:34,(anonymous_13)
FNDA:34,(anonymous_14)
FNDA:8,(anonymous_15)
FNDA:6,(anonymous_16)
FNDA:2,(anonymous_17)
DA:2,1
DA:3,1
DA:4,1
DA:10,1
DA:15,50
DA:16,21
DA:17,21
DA:18,21
DA:19,3
DA:21,18
DA:28,1
DA:34,1
DA:37,38
DA:41,12
DA:42,12
DA:48,12
DA:49,8
DA:50,8
DA:54,34
DA:55,16
DA:56,16
DA:57,16
DA:58,4
DA:59,4
DA:65,12
DA:67,16
DA:72,26
DA:73,16
DA:79,10
DA:80,1
DA:87,9
DA:103,70
DA:104,34
DA:105,34
DA:107,5
DA:113,8
DA:118,1
LF:37
LH:37
BRDA:18,0,0,3
BRDA:18,0,1,18
BRDA:42,1,0,12
BRDA:42,1,1,12
BRDA:42,1,2,12
BRDA:42,1,3,12
BRDA:48,2,0,4
BRDA:48,2,1,8
BRDA:49,3,0,4
BRDA:49,3,1,4
BRDA:57,4,0,4
BRDA:57,4,1,12
BRDA:59,5,0,4
BRDA:72,6,0,16
BRDA:72,6,1,10
BRDA:79,7,0,1
BRDA:79,7,1,9
BRDA:79,8,0,10
BRDA:79,8,1,9
BRF:19
BRH:19
end_of_record
TN:
SF:/Users/oy/Developer/@onury/jsonc/src/jsonc.ts
FN:40,(anonymous_14)
FN:60,(anonymous_16)
FN:80,(anonymous_17)
FN:95,(anonymous_18)
FN:125,(anonymous_19)
FN:174,(anonymous_20)
FN:205,(anonymous_21)
FN:224,(anonymous_22)
FN:244,(anonymous_23)
FN:269,(anonymous_24)
FN:290,(anonymous_25)
FN:331,(anonymous_26)
FN:364,(anonymous_29)
FN:415,(anonymous_30)
FN:459,(anonymous_33)
FN:502,(anonymous_34)
FN:528,(anonymous_36)
FN:546,(anonymous_37)
FN:565,(anonymous_38)
FN:601,(anonymous_39)
FN:656,(anonymous_40)
FN:695,(anonymous_41)
FN:717,(anonymous_42)
FN:743,(anonymous_43)
FN:773,(anonymous_44)
FN:802,(anonymous_45)
FN:850,(anonymous_46)
FN:880,(anonymous_47)
FN:935,(anonymous_48)
FN:972,(anonymous_49)
FNF:30
FNH:30
FNDA:1,(anonymous_14)
FNDA:17,(anonymous_16)
FNDA:4,(anonymous_17)
FNDA:4,(anonymous_18)
FNDA:37,(anonymous_19)
FNDA:22,(anonymous_20)
FNDA:18,(anonymous_21)
FNDA:2,(anonymous_22)
FNDA:4,(anonymous_23)
FNDA:8,(anonymous_24)
FNDA:4,(anonymous_25)
FNDA:7,(anonymous_26)
FNDA:7,(anonymous_29)
FNDA:8,(anonymous_30)
FNDA:8,(anonymous_33)
FNDA:1,(anonymous_34)
FNDA:8,(anonymous_36)
FNDA:4,(anonymous_37)
FNDA:4,(anonymous_38)
FNDA:16,(anonymous_39)
FNDA:4,(anonymous_40)
FNDA:9,(anonymous_41)
FNDA:2,(anonymous_42)
FNDA:2,(anonymous_43)
FNDA:4,(anonymous_44)
FNDA:2,(anonymous_45)
FNDA:4,(anonymous_46)
FNDA:4,(anonymous_47)
FNDA:4,(anonymous_48)
FNDA:4,(anonymous_49)
DA:4,1
DA:7,1
DA:8,1
DA:9,1
DA:10,1
DA:13,1
DA:19,1
DA:40,1
DA:60,1
DA:61,17
DA:66,17
DA:67,17
DA:80,4
DA:81,4
DA:95,4
DA:96,4
DA:125,1
DA:126,37
DA:129,37
DA:130,37
DA:174,1
DA:175,22
DA:176,22
DA:205,26
DA:206,18
DA:207,14
DA:208,14
DA:224,3
DA:225,2
DA:244,1
DA:245,4
DA:269,10
DA:270,8
DA:271,8
DA:290,1
DA:291,4
DA:331,1
DA:332,7
DA:337,7
DA:338,6
DA:339,6
DA:364,1
DA:365,7
DA:370,7
DA:371,6
DA:372,6
DA:415,1
DA:416,8
DA:424,6
DA:425,8
DA:426,8
DA:430,6
DA:459,1
DA:460,8
DA:468,8
DA:469,8
DA:470,8
DA:474,6
DA:477,1
DA:502,1
DA:528,1
DA:529,8
DA:546,4
DA:547,4
DA:565,4
DA:566,4
DA:601,1
DA:602,16
DA:656,1
DA:657,4
DA:658,4
DA:659,4
DA:661,1
DA:695,17
DA:696,9
DA:717,3
DA:718,2
DA:743,1
DA:744,2
DA:773,6
DA:774,4
DA:802,1
DA:803,2
DA:850,1
DA:851,4
DA:880,1
DA:881,4
DA:935,1
DA:936,4
DA:972,1
DA:973,4
DA:975,1
DA:978,1
DA:987,2
LF:94
LH:94
BRDA:64,0,0,17
BRDA:64,0,1,1
BRDA:127,1,0,1
BRDA:127,1,1,36
BRDA:128,2,0,36
BRDA:128,2,1,16
BRDA:129,3,0,24
BRDA:129,3,1,13
BRDA:177,4,0,21
BRDA:177,4,1,1
BRDA:205,5,0,8
BRDA:205,5,1,10
BRDA:206,6,0,4
BRDA:206,6,1,14
BRDA:208,7,0,14
BRDA:208,7,1,12
BRDA:208,7,2,8
BRDA:224,8,0,1
BRDA:224,8,1,1
BRDA:269,9,0,2
BRDA:269,9,1,6
BRDA:270,10,0,2
BRDA:270,10,1,6
BRDA:335,11,0,7
BRDA:335,11,1,5
BRDA:338,12,0,4
BRDA:338,12,1,2
BRDA:368,13,0,7
BRDA:368,13,1,5
BRDA:371,14,0,4
BRDA:371,14,1,2
BRDA:421,15,0,8
BRDA:421,15,1,4
BRDA:465,16,0,8
BRDA:465,16,1,4
BRDA:468,17,0,6
BRDA:468,17,1,2
BRDA:695,18,0,8
BRDA:695,18,1,1
BRDA:717,19,0,1
BRDA:717,19,1,1
BRDA:773,20,0,2
BRDA:773,20,1,2
BRF:43
BRH:43
end_of_record
